Determining if the function malloc exists in the efence failed with the following output:
Change Dir: /home/vgn5kor/Apps/agl-paho-c/build/CMakeFiles/CMakeTmp

Run Build Command:"/usr/bin/make" "cmTC_61b3b/fast"
/usr/bin/make -f CMakeFiles/cmTC_61b3b.dir/build.make CMakeFiles/cmTC_61b3b.dir/build
make[1]: Entering directory '/home/vgn5kor/Apps/agl-paho-c/build/CMakeFiles/CMakeTmp'
Building C object CMakeFiles/cmTC_61b3b.dir/CheckFunctionExists.c.o
/opt/poky-agl/4.0.2/sysroots/x86_64-aglsdk-linux/usr/bin/x86_64-agl-linux/x86_64-agl-linux-gcc   -march=corei7 -mtune=corei7 -mfpmath=sse -msse4.2 --sysroot=/opt/poky-agl/4.0.2/sysroots/corei7-64-agl-linux   -O2 -pipe -g -feliminate-unused-debug-types  -DCHECK_FUNCTION_EXISTS=malloc -fPIE   -o CMakeFiles/cmTC_61b3b.dir/CheckFunctionExists.c.o   -c /opt/poky-agl/4.0.2/sysroots/x86_64-aglsdk-linux/usr/share/cmake-3.6/Modules/CheckFunctionExists.c
<command-line>:0:23: warning: conflicting types for built-in function ‘malloc’
/opt/poky-agl/4.0.2/sysroots/x86_64-aglsdk-linux/usr/share/cmake-3.6/Modules/CheckFunctionExists.c:7:3: note: in expansion of macro ‘CHECK_FUNCTION_EXISTS’
   CHECK_FUNCTION_EXISTS();
   ^~~~~~~~~~~~~~~~~~~~~
Linking C executable cmTC_61b3b
/opt/poky-agl/4.0.2/sysroots/x86_64-aglsdk-linux/usr/bin/cmake -E cmake_link_script CMakeFiles/cmTC_61b3b.dir/link.txt --verbose=1
/opt/poky-agl/4.0.2/sysroots/x86_64-aglsdk-linux/usr/bin/x86_64-agl-linux/x86_64-agl-linux-gcc   -march=corei7 -mtune=corei7 -mfpmath=sse -msse4.2 --sysroot=/opt/poky-agl/4.0.2/sysroots/corei7-64-agl-linux  -O2 -pipe -g -feliminate-unused-debug-types  -DCHECK_FUNCTION_EXISTS=malloc   -Wl,-O1 -Wl,--hash-style=gnu -Wl,--as-needed  CMakeFiles/cmTC_61b3b.dir/CheckFunctionExists.c.o  -o cmTC_61b3b -rdynamic -lefence 
/opt/poky-agl/4.0.2/sysroots/x86_64-aglsdk-linux/usr/libexec/x86_64-agl-linux/gcc/x86_64-agl-linux/6.2.0/real-ld: cannot find -lefence
collect2: error: ld returned 1 exit status
CMakeFiles/cmTC_61b3b.dir/build.make:97: recipe for target 'cmTC_61b3b' failed
make[1]: *** [cmTC_61b3b] Error 1
make[1]: Leaving directory '/home/vgn5kor/Apps/agl-paho-c/build/CMakeFiles/CMakeTmp'
Makefile:126: recipe for target 'cmTC_61b3b/fast' failed
make: *** [cmTC_61b3b/fast] Error 2


